%!Adobe-FontList 1.14
%Locale:0x80a

%BeginFont
Handler:DirectoryHandler
FontType:Invalid
OutlineFileName:D:\Diseno\Jose\MenuPandilla\Font\American Captain.eot
FileModTime:1487207956
%EndFont

%BeginFont
Handler:DirectoryHandler
FontType:TrueType
FontName:AmericanCaptain
FamilyName:American Captain
StyleName:Regular
FullName:American Captain
MenuName:American Captain
StyleBits:0
WritingScript:Roman
OutlineFileName:D:\Diseno\Jose\MenuPandilla\Font\American Captain.ttf
DataFormat:sfntData
FileLength:79484
FileModTime:1487207956
WeightClass:400
WidthClass:5
AngleClass:0
%EndFont

%BeginFont
Handler:DirectoryHandler
FontType:Invalid
OutlineFileName:D:\Diseno\Jose\MenuPandilla\Font\Arial.eot
FileModTime:1487207956
%EndFont

%BeginFont
Handler:DirectoryHandler
FontType:TrueType
FontName:ArialMT
FamilyName:Arial
StyleName:Regular
FullName:Arial
MenuName:Arial
StyleBits:0
WritingScript:Roman
OutlineFileName:D:\Diseno\Jose\MenuPandilla\Font\arial.ttf
DataFormat:sfntData
FileLength:915212
FileModTime:1484871049
WeightClass:400
WidthClass:5
AngleClass:0
%EndFont

%BeginFont
Handler:DirectoryHandler
FontType:TrueType
FontName:Arial-BoldMT
FamilyName:Arial
StyleName:Bold
FullName:Arial Bold
MenuName:Arial
StyleBits:2
WritingScript:Roman
OutlineFileName:D:\Diseno\Jose\MenuPandilla\Font\arialbd.ttf
DataFormat:sfntData
FileLength:864892
FileModTime:1484871049
WeightClass:700
WidthClass:5
AngleClass:0
%EndFont

%BeginFont
Handler:DirectoryHandler
FontType:TrueType
FontName:Arial-BoldItalicMT
FamilyName:Arial
StyleName:Bold Italic
FullName:Arial Bold Italic
MenuName:Arial
StyleBits:3
WritingScript:Roman
OutlineFileName:D:\Diseno\Jose\MenuPandilla\Font\arialbi.ttf
DataFormat:sfntData
FileLength:651508
FileModTime:1484871049
WeightClass:700
WidthClass:5
AngleClass:1
%EndFont

%BeginFont
Handler:DirectoryHandler
FontType:TrueType
FontName:Arial-ItalicMT
FamilyName:Arial
StyleName:Italic
FullName:Arial Italic
MenuName:Arial
StyleBits:1
WritingScript:Roman
OutlineFileName:D:\Diseno\Jose\MenuPandilla\Font\ariali.ttf
DataFormat:sfntData
FileLength:647536
FileModTime:1484871049
WeightClass:400
WidthClass:5
AngleClass:1
%EndFont

%BeginFont
Handler:DirectoryHandler
FontType:TrueType
FontName:ArialNarrow
FamilyName:Arial
StyleName:Narrow
FullName:Arial Narrow
MenuName:Arial Narrow
StyleBits:0
WritingScript:Roman
OutlineFileName:D:\Diseno\Jose\MenuPandilla\Font\ARIALN.TTF
DataFormat:sfntData
FileLength:173936
FileModTime:1484871049
WeightClass:400
WidthClass:3
AngleClass:0
%EndFont

%BeginFont
Handler:DirectoryHandler
FontType:TrueType
FontName:ArialNarrow-Bold
FamilyName:Arial
StyleName:Narrow
FullName:Arial Narrow Bold
MenuName:Arial Narrow
StyleBits:2
WritingScript:Roman
OutlineFileName:D:\Diseno\Jose\MenuPandilla\Font\ARIALNB.TTF
DataFormat:sfntData
FileLength:178864
FileModTime:1484871049
WeightClass:700
WidthClass:3
AngleClass:0
%EndFont

%BeginFont
Handler:DirectoryHandler
FontType:TrueType
FontName:ArialNarrow-BoldItalic
FamilyName:Arial
StyleName:Narrow
FullName:Arial Narrow Bold Italic
MenuName:Arial Narrow
StyleBits:3
WritingScript:Roman
OutlineFileName:D:\Diseno\Jose\MenuPandilla\Font\ARIALNBI.TTF
DataFormat:sfntData
FileLength:178316
FileModTime:1484871049
WeightClass:700
WidthClass:3
AngleClass:1
%EndFont

%BeginFont
Handler:DirectoryHandler
FontType:TrueType
FontName:ArialNarrow-Italic
FamilyName:Arial
StyleName:Narrow
FullName:Arial Narrow Italic
MenuName:Arial Narrow
StyleBits:1
WritingScript:Roman
OutlineFileName:D:\Diseno\Jose\MenuPandilla\Font\ARIALNI.TTF
DataFormat:sfntData
FileLength:179368
FileModTime:1484871049
WeightClass:400
WidthClass:3
AngleClass:1
%EndFont

%BeginFont
Handler:DirectoryHandler
FontType:TrueType
FontName:Arial-Black
FamilyName:Arial
StyleName:Black
FullName:Arial Black
MenuName:Arial Black
StyleBits:0
WritingScript:Roman
OutlineFileName:D:\Diseno\Jose\MenuPandilla\Font\ariblk.ttf
DataFormat:sfntData
FileLength:167516
FileModTime:1484871049
WeightClass:900
WidthClass:5
AngleClass:0
%EndFont

